[debug] [2024-06-04T15:28:43.954Z] ----------------------------------------------------------------------
[debug] [2024-06-04T15:28:43.964Z] Command:       C:\Program Files\nodejs\node.exe C:\Users\ABDLHAK MUKSIN\AppData\Roaming\npm\node_modules\firebase-tools\lib\bin\firebase.js emulators:start --only functions
[debug] [2024-06-04T15:28:43.966Z] CLI Version:   13.10.2
[debug] [2024-06-04T15:28:43.967Z] Platform:      win32
[debug] [2024-06-04T15:28:43.968Z] Node Version:  v20.13.1
[debug] [2024-06-04T15:28:43.994Z] Time:          Tue Jun 04 2024 08:28:43 GMT-0700 (Pacific Daylight Time)
[debug] [2024-06-04T15:28:43.995Z] ----------------------------------------------------------------------
[debug] 
[debug] [2024-06-04T15:28:56.724Z] > command requires scopes: ["email","openid","https://www.googleapis.com/auth/cloudplatformprojects.readonly","https://www.googleapis.com/auth/firebase","https://www.googleapis.com/auth/cloud-platform"]
[debug] [2024-06-04T15:28:56.727Z] > authorizing via signed-in user (abdlhakmuksin123@gmail.com)
[info] i  emulators: Starting emulators: functions {"metadata":{"emulator":{"name":"hub"},"message":"Starting emulators: functions"}}
[debug] [2024-06-04T15:28:57.013Z] [logging] Logging Emulator only supports listening on one address (127.0.0.1). Not listening on ::1
[debug] [2024-06-04T15:28:57.014Z] assigned listening specs for emulators {"user":{"hub":[{"address":"127.0.0.1","family":"IPv4","port":4400},{"address":"::1","family":"IPv6","port":4400}],"ui":[{"address":"127.0.0.1","family":"IPv4","port":4000},{"address":"::1","family":"IPv6","port":4000}],"logging":[{"address":"127.0.0.1","family":"IPv4","port":4500}]},"metadata":{"message":"assigned listening specs for emulators"}}
[debug] [2024-06-04T15:28:57.190Z] [hub] writing locator at C:\Users\ABDLHA~1\AppData\Local\Temp\hub-clone-7f382.json
[debug] [2024-06-04T15:28:58.244Z] [functions] Functions Emulator only supports listening on one address (127.0.0.1). Not listening on ::1
[debug] [2024-06-04T15:28:58.245Z] [eventarc] Eventarc Emulator only supports listening on one address (127.0.0.1). Not listening on ::1
[debug] [2024-06-04T15:28:58.246Z] late-assigned ports for functions and eventarc emulators {"user":{"hub":[{"address":"127.0.0.1","family":"IPv4","port":4400},{"address":"::1","family":"IPv6","port":4400}],"ui":[{"address":"127.0.0.1","family":"IPv4","port":4000},{"address":"::1","family":"IPv6","port":4000}],"logging":[{"address":"127.0.0.1","family":"IPv4","port":4500}],"functions":[{"address":"127.0.0.1","family":"IPv4","port":5001}],"eventarc":[{"address":"127.0.0.1","family":"IPv4","port":9299}]},"metadata":{"message":"late-assigned ports for functions and eventarc emulators"}}
[warn] !  functions: The following emulators are not running, calls to these services from the Functions emulator will affect production: auth, firestore, database, hosting, pubsub, storage, dataconnect {"metadata":{"emulator":{"name":"functions"},"message":"The following emulators are not running, calls to these services from the Functions emulator will affect production: \u001b[1mauth, firestore, database, hosting, pubsub, storage, dataconnect\u001b[22m"}}
[debug] [2024-06-04T15:28:58.667Z] defaultcredentials: writing to file C:\Users\ABDLHAK MUKSIN\AppData\Roaming\firebase\abdlhakmuksin123_gmail_com_application_default_credentials.json
[debug] [2024-06-04T15:29:06.532Z] Setting GAC to C:\Users\ABDLHAK MUKSIN\AppData\Roaming\firebase\abdlhakmuksin123_gmail_com_application_default_credentials.json {"metadata":{"emulator":{"name":"functions"},"message":"Setting GAC to C:\\Users\\ABDLHAK MUKSIN\\AppData\\Roaming\\firebase\\abdlhakmuksin123_gmail_com_application_default_credentials.json"}}
[debug] [2024-06-04T15:29:06.537Z] > refreshing access token with scopes: []
[debug] [2024-06-04T15:29:06.548Z] >>> [apiv2][query] POST https://www.googleapis.com/oauth2/v3/token [none]
[debug] [2024-06-04T15:29:06.548Z] >>> [apiv2][body] POST https://www.googleapis.com/oauth2/v3/token [omitted]
[debug] [2024-06-04T15:29:08.125Z] <<< [apiv2][status] POST https://www.googleapis.com/oauth2/v3/token 200
[debug] [2024-06-04T15:29:08.127Z] <<< [apiv2][body] POST https://www.googleapis.com/oauth2/v3/token [omitted]
[debug] [2024-06-04T15:29:08.430Z] >>> [apiv2][query] GET https://firebase.googleapis.com/v1beta1/projects/clone-7f382/adminSdkConfig [none]
[debug] [2024-06-04T15:29:09.288Z] <<< [apiv2][status] GET https://firebase.googleapis.com/v1beta1/projects/clone-7f382/adminSdkConfig 200
[debug] [2024-06-04T15:29:09.289Z] <<< [apiv2][body] GET https://firebase.googleapis.com/v1beta1/projects/clone-7f382/adminSdkConfig {"projectId":"clone-7f382","storageBucket":"clone-7f382.appspot.com"}
[debug] [2024-06-04T15:29:09.741Z] Ignoring unsupported arg: auto_download {"metadata":{"emulator":{"name":"ui"},"message":"Ignoring unsupported arg: auto_download"}}
[debug] [2024-06-04T15:29:09.742Z] Ignoring unsupported arg: port {"metadata":{"emulator":{"name":"ui"},"message":"Ignoring unsupported arg: port"}}
[debug] [2024-06-04T15:29:09.743Z] Starting Emulator UI with command {"binary":"node","args":["C:\\Users\\ABDLHAK MUKSIN\\.cache\\firebase\\emulators\\ui-v1.12.1\\server\\server.mjs"],"optionalArgs":[],"joinArgs":false,"shell":false} {"metadata":{"emulator":{"name":"ui"},"message":"Starting Emulator UI with command {\"binary\":\"node\",\"args\":[\"C:\\\\Users\\\\ABDLHAK MUKSIN\\\\.cache\\\\firebase\\\\emulators\\\\ui-v1.12.1\\\\server\\\\server.mjs\"],\"optionalArgs\":[],\"joinArgs\":false,\"shell\":false}"}}
[info] i  ui: Emulator UI logging to ui-debug.log {"metadata":{"emulator":{"name":"ui"},"message":"Emulator UI logging to \u001b[1mui-debug.log\u001b[22m"}}
[debug] [2024-06-04T15:29:12.756Z] Web / API server started at 127.0.0.1:4000
 {"metadata":{"emulator":{"name":"ui"},"message":"Web / API server started at 127.0.0.1:4000\n"}}
[debug] [2024-06-04T15:29:12.758Z] Web / API server started at ::1:4000
 {"metadata":{"emulator":{"name":"ui"},"message":"Web / API server started at ::1:4000\n"}}
[info] i  functions: Watching "E:\Evangadi\phase4\phase4\amazone\amazoneproject\functions" for Cloud Functions... {"metadata":{"emulator":{"name":"functions"},"message":"Watching \"E:\\Evangadi\\phase4\\phase4\\amazone\\amazoneproject\\functions\" for Cloud Functions..."}}
[debug] [2024-06-04T15:29:12.877Z] Validating nodejs source
[debug] [2024-06-04T15:29:23.162Z] checkFunctionsSDKVersion was unable to fetch information from NPM Error: spawnSync C:\Windows\system32\cmd.exe ETIMEDOUT
    at Object.spawnSync (node:internal/child_process:1124:20)
    at Object.spawnSync (node:child_process:876:24)
    at Function.spawnSync [as sync] (C:\Users\ABDLHAK MUKSIN\AppData\Roaming\npm\node_modules\firebase-tools\node_modules\cross-spawn\index.js:26:23)
    at Object.getLatestSDKVersion (C:\Users\ABDLHAK MUKSIN\AppData\Roaming\npm\node_modules\firebase-tools\lib\deploy\functions\runtimes\node\versioning.js:54:25)
    at Object.checkFunctionsSDKVersion (C:\Users\ABDLHAK MUKSIN\AppData\Roaming\npm\node_modules\firebase-tools\lib\deploy\functions\runtimes\node\versioning.js:74:32)
    at Delegate.validate (C:\Users\ABDLHAK MUKSIN\AppData\Roaming\npm\node_modules\firebase-tools\lib\deploy\functions\runtimes\node\index.js:85:20)
    at FunctionsEmulator.discoverTriggers (C:\Users\ABDLHAK MUKSIN\AppData\Roaming\npm\node_modules\firebase-tools\lib\emulator\functionsEmulator.js:301:35)
    at async FunctionsEmulator.loadTriggers (C:\Users\ABDLHAK MUKSIN\AppData\Roaming\npm\node_modules\firebase-tools\lib\emulator\functionsEmulator.js:330:34)
    at async FunctionsEmulator.connect (C:\Users\ABDLHAK MUKSIN\AppData\Roaming\npm\node_modules\firebase-tools\lib\emulator\functionsEmulator.js:267:13)
    at async Object.startAll (C:\Users\ABDLHAK MUKSIN\AppData\Roaming\npm\node_modules\firebase-tools\lib\emulator\controller.js:594:13)
[debug] [2024-06-04T15:29:23.165Z] > [functions] package.json contents: {
  "name": "functions",
  "description": "Cloud Functions for Firebase",
  "scripts": {
    "serve": "firebase emulators:start --only functions",
    "shell": "firebase functions:shell",
    "start": "npm run shell",
    "deploy": "firebase deploy --only functions",
    "logs": "firebase functions:log"
  },
  "engines": {
    "node": "18"
  },
  "main": "index.js",
  "dependencies": {
    "cors": "^2.8.5",
    "dotenv": "^16.4.5",
    "express": "^4.19.2",
    "firebase-admin": "^12.1.0",
    "firebase-functions": "^5.0.0",
    "stripe": "^15.8.0"
  },
  "devDependencies": {
    "firebase-functions-test": "^3.1.0"
  },
  "private": true
}
[debug] [2024-06-04T15:29:23.167Z] Building nodejs source
[debug] [2024-06-04T15:29:23.170Z] Failed to find version of module node: reached end of search path E:\Evangadi\phase4\phase4\amazone\amazoneproject\functions\node_modules
[warn] !  functions: Your requested "node" version "18" doesn't match your global version "20". Using node@20 from host. 
[info] i  functions: Loaded environment variables from .env. 
[debug] [2024-06-04T15:29:23.464Z] Could not find functions.yaml. Must use http discovery
[debug] [2024-06-04T15:29:24.326Z] Found firebase-functions binary at 'E:\Evangadi\phase4\phase4\amazone\amazoneproject\functions\node_modules\.bin\firebase-functions'
[debug] [2024-06-04T15:29:34.426Z] Failed to call quitquitquit. This often means the server failed to start request to http://localhost:8179/__/quitquitquit failed, reason:  {"message":"request to http://localhost:8179/__/quitquitquit failed, reason: ","type":"system","errno":"ECONNREFUSED","code":"ECONNREFUSED"}
[error] !!  functions: Failed to load function definition from source: FirebaseError: User code failed to load. Cannot determine backend specification {"metadata":{"emulator":{"name":"functions"},"message":"Failed to load function definition from source: FirebaseError: User code failed to load. Cannot determine backend specification"}}
[info] 
┌─────────────────────────────────────────────────────────────┐
│ ✔  All emulators ready! It is now safe to connect your app. │
│ i  View Emulator UI at http://127.0.0.1:4000/               │
└─────────────────────────────────────────────────────────────┘

┌───────────┬────────────────┬─────────────────────────────────┐
│ Emulator  │ Host:Port      │ View in Emulator UI             │
├───────────┼────────────────┼─────────────────────────────────┤
│ Functions │ 127.0.0.1:5001 │ http://127.0.0.1:4000/functions │
└───────────┴────────────────┴─────────────────────────────────┘
  Emulator Hub running at 127.0.0.1:4400
  Other reserved ports: 4500

Issues? Report them at https://github.com/firebase/firebase-tools/issues and attach the *-debug.log files.
 
[info] Serving at port 8179

[debug] [2024-06-04T15:30:04.202Z] File E:\Evangadi\phase4\phase4\amazone\amazoneproject\functions\index.js changed, reloading triggers {"metadata":{"emulator":{"name":"functions"},"message":"File E:\\Evangadi\\phase4\\phase4\\amazone\\amazoneproject\\functions\\index.js changed, reloading triggers"}}
[debug] [2024-06-04T15:30:05.211Z] Validating nodejs source
[debug] [2024-06-04T15:30:15.807Z] checkFunctionsSDKVersion was unable to fetch information from NPM Error: spawnSync C:\Windows\system32\cmd.exe ETIMEDOUT
    at Object.spawnSync (node:internal/child_process:1124:20)
    at Object.spawnSync (node:child_process:876:24)
    at Function.spawnSync [as sync] (C:\Users\ABDLHAK MUKSIN\AppData\Roaming\npm\node_modules\firebase-tools\node_modules\cross-spawn\index.js:26:23)
    at Object.getLatestSDKVersion (C:\Users\ABDLHAK MUKSIN\AppData\Roaming\npm\node_modules\firebase-tools\lib\deploy\functions\runtimes\node\versioning.js:54:25)
    at Object.checkFunctionsSDKVersion (C:\Users\ABDLHAK MUKSIN\AppData\Roaming\npm\node_modules\firebase-tools\lib\deploy\functions\runtimes\node\versioning.js:74:32)
    at Delegate.validate (C:\Users\ABDLHAK MUKSIN\AppData\Roaming\npm\node_modules\firebase-tools\lib\deploy\functions\runtimes\node\index.js:85:20)
    at FunctionsEmulator.discoverTriggers (C:\Users\ABDLHAK MUKSIN\AppData\Roaming\npm\node_modules\firebase-tools\lib\emulator\functionsEmulator.js:301:35)
    at async FunctionsEmulator.loadTriggers (C:\Users\ABDLHAK MUKSIN\AppData\Roaming\npm\node_modules\firebase-tools\lib\emulator\functionsEmulator.js:330:34)
[debug] [2024-06-04T15:30:15.809Z] > [functions] package.json contents: {
  "name": "functions",
  "description": "Cloud Functions for Firebase",
  "scripts": {
    "serve": "firebase emulators:start --only functions",
    "shell": "firebase functions:shell",
    "start": "npm run shell",
    "deploy": "firebase deploy --only functions",
    "logs": "firebase functions:log"
  },
  "engines": {
    "node": "18"
  },
  "main": "index.js",
  "dependencies": {
    "cors": "^2.8.5",
    "dotenv": "^16.4.5",
    "express": "^4.19.2",
    "firebase-admin": "^12.1.0",
    "firebase-functions": "^5.0.0",
    "stripe": "^15.8.0"
  },
  "devDependencies": {
    "firebase-functions-test": "^3.1.0"
  },
  "private": true
}
[debug] [2024-06-04T15:30:15.810Z] Building nodejs source
[debug] [2024-06-04T15:30:15.810Z] Failed to find version of module node: reached end of search path E:\Evangadi\phase4\phase4\amazone\amazoneproject\functions\node_modules
[warn] !  functions: Your requested "node" version "18" doesn't match your global version "20". Using node@20 from host. 
[info] i  functions: Loaded environment variables from .env. 
[debug] [2024-06-04T15:30:15.918Z] Could not find functions.yaml. Must use http discovery
[debug] [2024-06-04T15:30:15.953Z] Found firebase-functions binary at 'E:\Evangadi\phase4\phase4\amazone\amazoneproject\functions\node_modules\.bin\firebase-functions'
[info] Serving at port 8432

[error] !!  functions: Failed to load function definition from source: FirebaseError: User code failed to load. Cannot determine backend specification {"metadata":{"emulator":{"name":"functions"},"message":"Failed to load function definition from source: FirebaseError: User code failed to load. Cannot determine backend specification"}}
